<?xml version="1.0" encoding="UTF-8"?>
<!-- Generated by org.testng.reporters.JUnitReportReporter -->
<testsuite skipped="0" hostname="DESKTOP-UFM26QR" name="firstTestNGProject.AutomationTestNG" tests="1" failures="0" timestamp="2021-09-09T00:26:36 ICT" time="13.068" errors="0">
  <testcase name="verifyHomepageTitle" time="13.068" classname="firstTestNGProject.AutomationTestNG"/>
  <system-out/>
</testsuite> <!-- firstTestNGProject.AutomationTestNG -->
