<?xml version="1.0" encoding="UTF-8"?>
<!-- Generated by org.testng.reporters.JUnitReportReporter -->
<testsuite skipped="0" hostname="DESKTOP-UFM26QR" name="inheritance.TestClass" tests="1" failures="0" timestamp="2021-09-09T22:30:45 ICT" time="0.014" errors="0">
  <testcase name="testMethod" time="0.014" classname="inheritance.TestClass"/>
  <system-out/>
</testsuite> <!-- inheritance.TestClass -->
