<?xml version="1.0" encoding="UTF-8"?>
<!-- Generated by org.testng.reporters.JUnitReportReporter -->
<testsuite skipped="0" hostname="DESKTOP-UFM26QR" name="annotationtestng.TestAnnotation" tests="2" failures="0" timestamp="2021-09-09T22:27:08 ICT" time="0.015" errors="0">
  <testcase name="testOneMethod" time="0.011" classname="annotationtestng.TestAnnotation"/>
  <system-out/>
  <testcase name="testTwoMethod" time="0.004" classname="annotationtestng.TestAnnotation"/>
  <system-out/>
</testsuite> <!-- annotationtestng.TestAnnotation -->
