<?xml version="1.0" encoding="UTF-8"?>
<!-- Generated by org.testng.reporters.JUnitReportReporter -->
<testsuite skipped="0" hostname="DESKTOP-UFM26QR" name="TestAnnotation" tests="2" failures="0" timestamp="2021-09-09T22:07:15 ICT" time="0.019" errors="0">
  <testcase name="testOneMethod" time="0.013" classname="TestAnnotation"/>
  <system-out/>
  <testcase name="testTwoMethod" time="0.006" classname="TestAnnotation"/>
  <system-out/>
</testsuite> <!-- TestAnnotation -->
