<?xml version="1.0" encoding="UTF-8"?>
<!-- Generated by org.testng.reporters.JUnitReportReporter -->
<testsuite skipped="0" hostname="DESKTOP-UFM26QR" name="firstpackage.SecondClass" tests="2" failures="0" timestamp="2021-09-09T21:10:42 ICT" time="0.004" errors="0">
  <testcase name="firstTest" time="0.001" classname="firstpackage.SecondClass"/>
  <system-out/>
  <testcase name="secondTest" time="0.003" classname="firstpackage.SecondClass"/>
  <system-out/>
</testsuite> <!-- firstpackage.SecondClass -->
