<?xml version="1.0" encoding="UTF-8"?>
<!-- Generated by org.testng.reporters.JUnitReportReporter -->
<testsuite skipped="0" hostname="DESKTOP-UFM26QR" name="firstpackage.FirstClass" tests="2" failures="0" timestamp="2021-09-09T21:10:42 ICT" time="0.013" errors="0">
  <testcase name="secondTest" time="0.002" classname="firstpackage.FirstClass"/>
  <system-out/>
  <testcase name="firstTest" time="0.011" classname="firstpackage.FirstClass"/>
  <system-out/>
</testsuite> <!-- firstpackage.FirstClass -->
